\BOOKMARK [1][-]{section.1}{\376\377\000C\000o\000u\000n\000c\000i\000l\000s}{}% 1
\BOOKMARK [2][-]{subsection.1.1}{\376\377\000A\000c\000a\000d\000e\000m\000i\000c\000\040\000C\000o\000u\000n\000c\000i\000l}{section.1}% 2
\BOOKMARK [3][-]{subsubsection.1.1.1}{\376\377\000O\000b\000j\000e\000c\000t\000i\000v\000e}{subsection.1.1}% 3
\BOOKMARK [3][-]{subsubsection.1.1.2}{\376\377\000S\000t\000r\000u\000c\000t\000u\000r\000e}{subsection.1.1}% 4
\BOOKMARK [3][-]{subsubsection.1.1.3}{\376\377\000S\000e\000l\000e\000c\000t\000i\000o\000n\000\040\000E\000l\000i\000g\000i\000b\000i\000l\000i\000t\000y}{subsection.1.1}% 5
\BOOKMARK [3][-]{subsubsection.1.1.4}{\376\377\000S\000e\000l\000e\000c\000t\000i\000o\000n\000\040\000P\000r\000o\000c\000e\000d\000u\000r\000e}{subsection.1.1}% 6
\BOOKMARK [2][-]{subsection.1.2}{\376\377\000C\000u\000l\000t\000u\000r\000a\000l\000\040\000C\000o\000u\000n\000c\000i\000l}{section.1}% 7
\BOOKMARK [3][-]{subsubsection.1.2.1}{\376\377\000O\000b\000j\000e\000c\000t\000i\000v\000e\000s}{subsection.1.2}% 8
\BOOKMARK [3][-]{subsubsection.1.2.2}{\376\377\000S\000t\000r\000u\000c\000t\000u\000r\000e}{subsection.1.2}% 9
\BOOKMARK [3][-]{subsubsection.1.2.3}{\376\377\000S\000e\000l\000e\000c\000t\000i\000o\000n\000\040\000E\000l\000i\000g\000i\000b\000i\000l\000i\000t\000y}{subsection.1.2}% 10
\BOOKMARK [3][-]{subsubsection.1.2.4}{\376\377\000S\000e\000l\000e\000c\000t\000i\000o\000n\000\040\000P\000r\000o\000c\000e\000d\000u\000r\000e}{subsection.1.2}% 11
\BOOKMARK [2][-]{subsection.1.3}{\376\377\000I\000n\000d\000u\000s\000t\000r\000y\000\040\000R\000e\000l\000a\000t\000i\000o\000n\000s\000\040\000\046\000\040\000P\000r\000o\000j\000e\000c\000t\000s\000\040\000C\000o\000u\000n\000c\000i\000l}{section.1}% 12
\BOOKMARK [3][-]{subsubsection.1.3.1}{\376\377\000O\000b\000j\000e\000c\000t\000i\000v\000e}{subsection.1.3}% 13
\BOOKMARK [3][-]{subsubsection.1.3.2}{\376\377\000B\000a\000c\000k\000g\000r\000o\000u\000n\000d}{subsection.1.3}% 14
\BOOKMARK [3][-]{subsubsection.1.3.3}{\376\377\000R\000o\000l\000e\000s\000\040\000a\000n\000d\000\040\000R\000e\000s\000p\000o\000n\000s\000i\000b\000i\000l\000i\000t\000i\000e\000s}{subsection.1.3}% 15
\BOOKMARK [3][-]{subsubsection.1.3.4}{\376\377\000S\000t\000r\000u\000c\000t\000u\000r\000e}{subsection.1.3}% 16
\BOOKMARK [3][-]{subsubsection.1.3.5}{\376\377\000S\000e\000l\000e\000c\000t\000i\000o\000n\000\040\000E\000l\000i\000g\000i\000b\000i\000l\000i\000t\000y}{subsection.1.3}% 17
\BOOKMARK [3][-]{subsubsection.1.3.6}{\376\377\000S\000e\000l\000e\000c\000t\000i\000o\000n\000\040\000P\000r\000o\000c\000e\000d\000u\000r\000e}{subsection.1.3}% 18
\BOOKMARK [2][-]{subsection.1.4}{\376\377\000P\000r\000o\000f\000e\000s\000s\000i\000o\000n\000a\000l\000\040\000D\000e\000v\000e\000l\000o\000p\000m\000e\000n\000t\000\040\000C\000o\000u\000n\000c\000i\000l}{section.1}% 19
\BOOKMARK [3][-]{subsubsection.1.4.1}{\376\377\000O\000b\000j\000e\000c\000t\000i\000v\000e}{subsection.1.4}% 20
\BOOKMARK [3][-]{subsubsection.1.4.2}{\376\377\000B\000a\000c\000k\000g\000r\000o\000u\000n\000d}{subsection.1.4}% 21
\BOOKMARK [3][-]{subsubsection.1.4.3}{\376\377\000P\000o\000t\000e\000n\000t\000i\000a\000l\000\040\000A\000c\000t\000i\000v\000i\000t\000i\000e\000s}{subsection.1.4}% 22
\BOOKMARK [3][-]{subsubsection.1.4.4}{\376\377\000S\000t\000r\000u\000c\000t\000u\000r\000e}{subsection.1.4}% 23
\BOOKMARK [3][-]{subsubsection.1.4.5}{\376\377\000S\000e\000l\000e\000c\000t\000i\000o\000n\000\040\000E\000l\000i\000g\000i\000b\000i\000l\000i\000t\000y}{subsection.1.4}% 24
\BOOKMARK [3][-]{subsubsection.1.4.6}{\376\377\000S\000e\000l\000e\000c\000t\000i\000o\000n\000\040\000P\000r\000o\000c\000e\000d\000u\000r\000e}{subsection.1.4}% 25
\BOOKMARK [2][-]{subsection.1.5}{\376\377\000S\000p\000o\000r\000t\000s\000\040\000C\000o\000u\000n\000c\000i\000l}{section.1}% 26
\BOOKMARK [3][-]{subsubsection.1.5.1}{\376\377\000O\000b\000j\000e\000c\000t\000i\000v\000e\000s}{subsection.1.5}% 27
\BOOKMARK [3][-]{subsubsection.1.5.2}{\376\377\000R\000o\000l\000e\000s\000\040\000a\000n\000d\000\040\000r\000e\000s\000p\000o\000n\000s\000i\000b\000i\000l\000i\000t\000i\000e\000s}{subsection.1.5}% 28
\BOOKMARK [3][-]{subsubsection.1.5.3}{\376\377\000S\000t\000r\000u\000c\000t\000u\000r\000e}{subsection.1.5}% 29
\BOOKMARK [3][-]{subsubsection.1.5.4}{\376\377\000S\000e\000l\000e\000c\000t\000i\000o\000n\000\040\000E\000l\000i\000g\000i\000b\000i\000l\000i\000t\000y}{subsection.1.5}% 30
\BOOKMARK [3][-]{subsubsection.1.5.5}{\376\377\000S\000e\000l\000e\000c\000t\000i\000o\000n\000\040\000P\000r\000o\000c\000e\000d\000u\000r\000e}{subsection.1.5}% 31
\BOOKMARK [2][-]{subsection.1.6}{\376\377\000T\000e\000c\000h\000n\000i\000c\000a\000l\000\040\000C\000o\000u\000n\000c\000i\000l}{section.1}% 32
\BOOKMARK [3][-]{subsubsection.1.6.1}{\376\377\000O\000b\000j\000e\000c\000t\000i\000v\000e}{subsection.1.6}% 33
\BOOKMARK [3][-]{subsubsection.1.6.2}{\376\377\000P\000o\000t\000e\000n\000t\000i\000a\000l\000\040\000A\000c\000t\000i\000v\000i\000t\000i\000e\000s}{subsection.1.6}% 34
\BOOKMARK [3][-]{subsubsection.1.6.3}{\376\377\000S\000t\000r\000u\000c\000t\000u\000r\000e}{subsection.1.6}% 35
\BOOKMARK [3][-]{subsubsection.1.6.4}{\376\377\000S\000e\000l\000e\000c\000t\000i\000o\000n\000\040\000E\000l\000i\000g\000i\000b\000i\000l\000i\000t\000y}{subsection.1.6}% 36
\BOOKMARK [3][-]{subsubsection.1.6.5}{\376\377\000S\000e\000l\000e\000c\000t\000i\000o\000n\000\040\000P\000r\000o\000c\000e\000d\000u\000r\000e}{subsection.1.6}% 37
\BOOKMARK [2][-]{subsection.1.7}{\376\377\000W\000e\000l\000f\000a\000r\000e\000\040\000C\000o\000u\000n\000c\000i\000l}{section.1}% 38
\BOOKMARK [3][-]{subsubsection.1.7.1}{\376\377\000O\000b\000j\000e\000c\000t\000i\000v\000e}{subsection.1.7}% 39
\BOOKMARK [3][-]{subsubsection.1.7.2}{\376\377\000R\000o\000l\000e\000s\000\040\000a\000n\000d\000\040\000r\000e\000s\000p\000o\000n\000s\000i\000b\000i\000l\000i\000t\000i\000e\000s}{subsection.1.7}% 40
\BOOKMARK [3][-]{subsubsection.1.7.3}{\376\377\000S\000t\000r\000u\000c\000t\000u\000r\000e}{subsection.1.7}% 41
\BOOKMARK [3][-]{subsubsection.1.7.4}{\376\377\000S\000e\000l\000e\000c\000t\000i\000o\000n\000\040\000E\000l\000i\000g\000i\000b\000i\000l\000i\000t\000y}{subsection.1.7}% 42
\BOOKMARK [3][-]{subsubsection.1.7.5}{\376\377\000S\000e\000l\000e\000c\000t\000i\000o\000n\000\040\000P\000r\000o\000c\000e\000d\000u\000r\000e}{subsection.1.7}% 43
\BOOKMARK [1][-]{section.2}{\376\377\000C\000l\000u\000b\000s}{}% 44
\BOOKMARK [2][-]{subsection.2.1}{\376\377\000C\000u\000l\000t\000u\000r\000a\000l\000\040\000C\000l\000u\000b\000s}{section.2}% 45
\BOOKMARK [3][-]{subsubsection.2.1.1}{\376\377\0001\0006\000\040\000P\000i\000x\000e\000l\000s}{subsection.2.1}% 46
\BOOKMARK [3][-]{subsubsection.2.1.2}{\376\377\000A\000b\000h\000i\000n\000a\000y\000a}{subsection.2.1}% 47
\BOOKMARK [3][-]{subsubsection.2.1.3}{\376\377\000A\000w\000a\000a\000m}{subsection.2.1}% 48
\BOOKMARK [3][-]{subsubsection.2.1.4}{\376\377\000C\000i\000n\000e\000m\000a\000t\000h\000e\000q\000u\000e}{subsection.2.1}% 49
\BOOKMARK [3][-]{subsubsection.2.1.5}{\376\377\000L\000i\000t\000S\000o\000c}{subsection.2.1}% 50
\BOOKMARK [3][-]{subsubsection.2.1.6}{\376\377\000O\000r\000e\000n\000d\000a}{subsection.2.1}% 51
\BOOKMARK [3][-]{subsubsection.2.1.7}{\376\377\000P\000a\000l\000e\000t\000t\000e}{subsection.2.1}% 52
\BOOKMARK [3][-]{subsubsection.2.1.8}{\376\377\000Q\000u\000i\000z\000z\000i\000n\000g\000\040\000S\000o\000c\000i\000e\000t\000y}{subsection.2.1}% 53
\BOOKMARK [3][-]{subsubsection.2.1.9}{\376\377\000S\000a\000r\000g\000a\000m}{subsection.2.1}% 54
\BOOKMARK [3][-]{subsubsection.2.1.10}{\376\377\000S\000t\000e\000p\000U\000p}{subsection.2.1}% 55
\BOOKMARK [3][-]{subsubsection.2.1.11}{\376\377\000V\000i\000n\000t\000e\000o}{subsection.2.1}% 56
\BOOKMARK [2][-]{subsection.2.2}{\376\377\000T\000e\000c\000h\000n\000i\000c\000a\000l\000\040\000C\000l\000u\000b\000s}{section.2}% 57
\BOOKMARK [3][-]{subsubsection.2.2.1}{\376\377\000A\000n\000v\000e\000s\000h\000a\000n\000a\000m\000\040\000-\000\040\000R\000e\000s\000e\000a\000r\000c\000h\000\040\000S\000o\000c\000i\000e\000t\000y}{subsection.2.2}% 58
\BOOKMARK [3][-]{subsubsection.2.2.2}{\376\377\000D\000i\000g\000i\000s\000\040\000-\000\040\000D\000i\000g\000i\000t\000a\000l\000\040\000S\000p\000o\000r\000t\000s\000\040\000C\000l\000u\000b}{subsection.2.2}% 59
\BOOKMARK [3][-]{subsubsection.2.2.3}{\376\377\000G\000R\000A\000S\000P\000\040\000-\000\040\000C\000o\000m\000p\000e\000t\000i\000t\000i\000v\000e\000\040\000P\000r\000o\000g\000r\000a\000m\000m\000i\000n\000g\000\040\000G\000r\000o\000u\000p}{subsection.2.2}% 60
\BOOKMARK [3][-]{subsubsection.2.2.4}{\376\377\000M\000e\000a\000n\000\040\000M\000e\000c\000h\000a\000n\000i\000c\000s\000\040\000-\000\040\000R\000o\000b\000o\000t\000i\000c\000s\000\040\000C\000l\000u\000b}{subsection.2.2}% 61
\BOOKMARK [3][-]{subsubsection.2.2.5}{\376\377\000M\000e\000t\000i\000s\000\040\000-\000\040\000C\000o\000d\000i\000n\000g\000\040\000C\000l\000u\000b}{subsection.2.2}% 62
\BOOKMARK [3][-]{subsubsection.2.2.6}{\376\377\000O\000d\000y\000s\000s\000e\000y\000\040\000-\000\040\000A\000s\000t\000r\000o\000n\000o\000m\000y\000\040\000C\000l\000u\000b}{subsection.2.2}% 63
\BOOKMARK [1][-]{section.3}{\376\377\000G\000r\000o\000u\000p\000s\000\040\000w\000i\000t\000h\000i\000n\000\040\000C\000o\000u\000n\000c\000i\000l\000s}{}% 64
\BOOKMARK [2][-]{subsection.3.1}{\376\377\000A\000n\000n\000u\000i\000t\000y}{section.3}% 65
\BOOKMARK [3][-]{subsubsection.3.1.1}{\376\377\000O\000b\000j\000e\000c\000t\000i\000v\000e}{subsection.3.1}% 66
\BOOKMARK [3][-]{subsubsection.3.1.2}{\376\377\000M\000i\000s\000s\000i\000o\000n}{subsection.3.1}% 67
\BOOKMARK [3][-]{subsubsection.3.1.3}{\376\377\000S\000t\000r\000u\000c\000t\000u\000r\000e}{subsection.3.1}% 68
\BOOKMARK [2][-]{subsection.3.2}{\376\377\000E\000n\000t\000r\000e\000p\000r\000e\000n\000e\000u\000r\000s\000h\000i\000p\000\040\000I\000n\000i\000t\000i\000a\000t\000i\000v\000e\000\040\000I\000I\000T\000G\000N}{section.3}% 69
\BOOKMARK [3][-]{subsubsection.3.2.1}{\376\377\000V\000i\000s\000i\000o\000n\000\040\000a\000n\000d\000\040\000M\000i\000s\000s\000i\000o\000n}{subsection.3.2}% 70
\BOOKMARK [3][-]{subsubsection.3.2.2}{\376\377\000D\000e\000p\000a\000r\000t\000m\000e\000n\000t\000s\000\040\000a\000n\000d\000\040\000R\000e\000s\000p\000o\000n\000s\000i\000b\000i\000l\000i\000t\000i\000e\000s}{subsection.3.2}% 71
\BOOKMARK [3][-]{subsubsection.3.2.3}{\376\377\000S\000t\000r\000u\000c\000t\000u\000r\000e}{subsection.3.2}% 72
\BOOKMARK [2][-]{subsection.3.3}{\376\377\000H\000a\000c\000k\000R\000u\000s\000h}{section.3}% 73
\BOOKMARK [3][-]{subsubsection.3.3.1}{\376\377\000D\000e\000p\000a\000r\000t\000m\000e\000n\000t\000s}{subsection.3.3}% 74
\BOOKMARK [3][-]{subsubsection.3.3.2}{\376\377\000R\000e\000s\000p\000o\000n\000s\000i\000b\000i\000l\000i\000t\000i\000e\000s}{subsection.3.3}% 75
\BOOKMARK [2][-]{subsection.3.4}{\376\377\000T\000E\000D\000x\000I\000I\000T\000G\000a\000n\000d\000h\000i\000n\000a\000g\000a\000r}{section.3}% 76
\BOOKMARK [3][-]{subsubsection.3.4.1}{\376\377\000S\000t\000r\000u\000c\000t\000u\000r\000e}{subsection.3.4}% 77
\BOOKMARK [3][-]{subsubsection.3.4.2}{\376\377\000D\000e\000p\000a\000r\000t\000m\000e\000n\000t\000s\000\040\000a\000n\000d\000\040\000R\000e\000s\000p\000o\000n\000s\000i\000b\000i\000l\000i\000t\000i\000e\000s}{subsection.3.4}% 78
\BOOKMARK [2][-]{subsection.3.5}{\376\377\000T\000i\000n\000k\000e\000r\000e\000r\000s\000'\000\040\000L\000a\000b}{section.3}% 79
\BOOKMARK [3][-]{subsubsection.3.5.1}{\376\377\000O\000v\000e\000r\000v\000i\000e\000w}{subsection.3.5}% 80
\BOOKMARK [3][-]{subsubsection.3.5.2}{\376\377\000V\000i\000s\000i\000o\000n\000\040\000a\000n\000d\000\040\000M\000i\000s\000s\000i\000o\000n}{subsection.3.5}% 81
\BOOKMARK [3][-]{subsubsection.3.5.3}{\376\377\000R\000o\000l\000e\000s\000\040\000a\000n\000d\000\040\000R\000e\000s\000p\000o\000n\000s\000i\000b\000i\000l\000i\000t\000i\000e\000s}{subsection.3.5}% 82
\BOOKMARK [3][-]{subsubsection.3.5.4}{\376\377\000S\000t\000r\000u\000c\000t\000u\000r\000e}{subsection.3.5}% 83
\BOOKMARK [2][-]{subsection.3.6}{\376\377\000T\000o\000r\000q\000u\000e}{section.3}% 84
\BOOKMARK [3][-]{subsubsection.3.6.1}{\376\377\000V\000i\000s\000i\000o\000n}{subsection.3.6}% 85
\BOOKMARK [3][-]{subsubsection.3.6.2}{\376\377\000D\000e\000p\000a\000r\000t\000m\000e\000n\000t\000s\000\040\000a\000n\000d\000\040\000R\000e\000s\000p\000o\000n\000s\000i\000b\000i\000l\000i\000t\000i\000e\000s}{subsection.3.6}% 86
\BOOKMARK [3][-]{subsubsection.3.6.3}{\376\377\000S\000t\000r\000u\000c\000t\000u\000r\000e}{subsection.3.6}% 87
\BOOKMARK [1][-]{section.4}{\376\377\000I\000n\000d\000e\000p\000e\000n\000d\000e\000n\000t\000\040\000G\000r\000o\000u\000p\000s}{}% 88
\BOOKMARK [2][-]{subsection.4.1}{\376\377\000A\000i\000C\000h\000E}{section.4}% 89
\BOOKMARK [3][-]{subsubsection.4.1.1}{\376\377\000O\000v\000e\000r\000v\000i\000e\000w}{subsection.4.1}% 90
\BOOKMARK [3][-]{subsubsection.4.1.2}{\376\377\000M\000i\000s\000s\000i\000o\000n\000\040\000a\000n\000d\000\040\000V\000i\000s\000i\000o\000n}{subsection.4.1}% 91
\BOOKMARK [3][-]{subsubsection.4.1.3}{\376\377\000S\000t\000r\000u\000c\000t\000u\000r\000e}{subsection.4.1}% 92
\BOOKMARK [2][-]{subsection.4.2}{\376\377\000A\000m\000a\000l\000t\000h\000e\000a}{section.4}% 93
\BOOKMARK [3][-]{subsubsection.4.2.1}{\376\377\000O\000v\000e\000r\000v\000i\000e\000w}{subsection.4.2}% 94
\BOOKMARK [3][-]{subsubsection.4.2.2}{\376\377\000V\000i\000s\000i\000o\000n\000\040\000a\000n\000d\000\040\000M\000i\000s\000s\000i\000o\000n}{subsection.4.2}% 95
\BOOKMARK [3][-]{subsubsection.4.2.3}{\376\377\000D\000e\000p\000a\000r\000t\000m\000e\000n\000t\000s\000\040\000a\000n\000d\000\040\000R\000e\000s\000p\000o\000n\000s\000i\000b\000i\000l\000i\000t\000i\000e\000s}{subsection.4.2}% 96
\BOOKMARK [3][-]{subsubsection.4.2.4}{\376\377\000S\000t\000r\000u\000c\000t\000u\000r\000e}{subsection.4.2}% 97
\BOOKMARK [3][-]{subsubsection.4.2.5}{\376\377\000S\000e\000l\000e\000c\000t\000i\000o\000n\000\040\000P\000r\000o\000c\000e\000d\000u\000r\000e}{subsection.4.2}% 98
\BOOKMARK [2][-]{subsection.4.3}{\376\377\000B\000l\000i\000t\000h\000c\000h\000r\000o\000n}{section.4}% 99
\BOOKMARK [3][-]{subsubsection.4.3.1}{\376\377\000O\000v\000e\000r\000v\000i\000e\000w}{subsection.4.3}% 100
\BOOKMARK [3][-]{subsubsection.4.3.2}{\376\377\000D\000e\000p\000a\000r\000t\000m\000e\000n\000t\000s\000\040\000a\000n\000d\000\040\000R\000e\000s\000p\000o\000n\000s\000i\000b\000i\000l\000i\000t\000i\000e\000s}{subsection.4.3}% 101
\BOOKMARK [3][-]{subsubsection.4.3.3}{\376\377\000S\000t\000r\000u\000c\000t\000u\000r\000e}{subsection.4.3}% 102
\BOOKMARK [3][-]{subsubsection.4.3.4}{\376\377\000S\000e\000l\000e\000c\000t\000i\000o\000n\000\040\000P\000r\000o\000c\000e\000d\000u\000r\000e}{subsection.4.3}% 103
\BOOKMARK [2][-]{subsection.4.4}{\376\377\000E\000l\000e\000c\000t\000i\000o\000n\000\040\000C\000o\000m\000m\000i\000s\000s\000i\000o\000n}{section.4}% 104
\BOOKMARK [3][-]{subsubsection.4.4.1}{\376\377\000O\000v\000e\000r\000v\000i\000e\000w}{subsection.4.4}% 105
\BOOKMARK [3][-]{subsubsection.4.4.2}{\376\377\000S\000t\000r\000u\000c\000t\000u\000r\000e}{subsection.4.4}% 106
\BOOKMARK [2][-]{subsection.4.5}{\376\377\000G\000r\000e\000e\000n\000\040\000C\000l\000u\000b}{section.4}% 107
\BOOKMARK [3][-]{subsubsection.4.5.1}{\376\377\000B\000a\000c\000k\000g\000r\000o\000u\000n\000d\000\040\000a\000n\000d\000\040\000O\000b\000j\000e\000c\000t\000i\000v\000e\000s}{subsection.4.5}% 108
\BOOKMARK [3][-]{subsubsection.4.5.2}{\376\377\000T\000e\000a\000m\000\040\000S\000t\000r\000u\000c\000t\000u\000r\000e}{subsection.4.5}% 109
\BOOKMARK [3][-]{subsubsection.4.5.3}{\376\377\000T\000e\000a\000m\000\040\000H\000e\000i\000r\000a\000r\000c\000h\000y}{subsection.4.5}% 110
\BOOKMARK [2][-]{subsection.4.6}{\376\377\000H\000a\000l\000l\000a\000b\000o\000l}{section.4}% 111
\BOOKMARK [3][-]{subsubsection.4.6.1}{\376\377\000O\000v\000e\000r\000v\000i\000e\000w}{subsection.4.6}% 112
\BOOKMARK [3][-]{subsubsection.4.6.2}{\376\377\000V\000i\000s\000i\000o\000n\000\040\000a\000n\000d\000\040\000M\000i\000s\000i\000o\000n}{subsection.4.6}% 113
\BOOKMARK [3][-]{subsubsection.4.6.3}{\376\377\000S\000t\000r\000u\000c\000t\000u\000r\000e}{subsection.4.6}% 114
\BOOKMARK [2][-]{subsection.4.7}{\376\377\000H\000o\000s\000t\000e\000l\000\040\000A\000c\000t\000i\000v\000i\000t\000i\000e\000s\000\040\000T\000e\000a\000m}{section.4}% 115
\BOOKMARK [3][-]{subsubsection.4.7.1}{\376\377\000S\000t\000r\000u\000c\000t\000u\000r\000e}{subsection.4.7}% 116
\BOOKMARK [3][-]{subsubsection.4.7.2}{\376\377\000R\000e\000s\000p\000o\000n\000s\000i\000b\000i\000l\000i\000t\000i\000e\000s}{subsection.4.7}% 117
\BOOKMARK [2][-]{subsection.4.8}{\376\377\000I\000g\000n\000i\000t\000e}{section.4}% 118
\BOOKMARK [3][-]{subsubsection.4.8.1}{\376\377\000O\000v\000e\000r\000v\000i\000e\000w}{subsection.4.8}% 119
\BOOKMARK [3][-]{subsubsection.4.8.2}{\376\377\000V\000i\000s\000i\000o\000n\000\040\000a\000n\000d\000\040\000M\000i\000s\000s\000i\000o\000n}{subsection.4.8}% 120
\BOOKMARK [3][-]{subsubsection.4.8.3}{\376\377\000S\000t\000r\000u\000c\000t\000u\000r\000e}{subsection.4.8}% 121
\BOOKMARK [2][-]{subsection.4.9}{\376\377\000J\000a\000s\000h\000n}{section.4}% 122
\BOOKMARK [3][-]{subsubsection.4.9.1}{\376\377\000O\000b\000j\000e\000c\000t\000i\000v\000e}{subsection.4.9}% 123
\BOOKMARK [3][-]{subsubsection.4.9.2}{\376\377\000B\000a\000c\000k\000g\000r\000o\000u\000n\000d}{subsection.4.9}% 124
\BOOKMARK [3][-]{subsubsection.4.9.3}{\376\377\000S\000t\000r\000u\000c\000t\000u\000r\000e}{subsection.4.9}% 125
\BOOKMARK [2][-]{subsection.4.10}{\376\377\000M\000e\000d\000i\000a\000\040\000a\000n\000d\000\040\000P\000R\000\040\000C\000e\000l\000l}{section.4}% 126
\BOOKMARK [3][-]{subsubsection.4.10.1}{\376\377\000O\000v\000e\000r\000v\000i\000e\000w}{subsection.4.10}% 127
\BOOKMARK [3][-]{subsubsection.4.10.2}{\376\377\000S\000t\000r\000u\000c\000t\000u\000r\000e}{subsection.4.10}% 128
\BOOKMARK [2][-]{subsection.4.11}{\376\377\000N\000y\000a\000s\000a}{section.4}% 129
\BOOKMARK [3][-]{subsubsection.4.11.1}{\376\377\000V\000i\000s\000i\000o\000n}{subsection.4.11}% 130
\BOOKMARK [3][-]{subsubsection.4.11.2}{\376\377\000S\000t\000r\000u\000c\000t\000u\000r\000e}{subsection.4.11}% 131
\BOOKMARK [2][-]{subsection.4.12}{\376\377\000S\000t\000u\000d\000e\000n\000t\000\040\000L\000e\000a\000d\000e\000r\000s\000h\000i\000p\000\040\000C\000o\000n\000c\000l\000a\000v\000e}{section.4}% 132
\BOOKMARK [3][-]{subsubsection.4.12.1}{\376\377\000O\000v\000e\000r\000v\000i\000e\000w}{subsection.4.12}% 133
\BOOKMARK [3][-]{subsubsection.4.12.2}{\376\377\000S\000t\000r\000u\000c\000t\000u\000r\000e}{subsection.4.12}% 134
\BOOKMARK [2][-]{subsection.4.13}{\376\377\000S\000A\000E\000\040\000-\000\040\000M\000O\000K\000S\000H\000A\000\040\000I\000I\000T\000G\000N}{section.4}% 135
\BOOKMARK [3][-]{subsubsection.4.13.1}{\376\377\000O\000v\000e\000r\000v\000i\000e\000w}{subsection.4.13}% 136
\BOOKMARK [3][-]{subsubsection.4.13.2}{\376\377\000S\000t\000r\000u\000c\000t\000u\000r\000e\000,\000\040\000D\000e\000p\000a\000r\000t\000m\000e\000n\000t\000s\000\040\000a\000n\000d\000\040\000R\000e\000s\000p\000o\000n\000s\000i\000b\000i\000l\000i\000t\000i\000e\000s}{subsection.4.13}% 137
\BOOKMARK [2][-]{subsection.4.14}{\376\377\000S\000h\000a\000s\000t\000r\000a\000t\000h\000\040\000S\000o\000c\000r\000a\000t\000i\000c\000\040\000S\000o\000c\000i\000e\000t\000y\000\040\000\050\000S\000S\000S\000\051}{section.4}% 138
\BOOKMARK [3][-]{subsubsection.4.14.1}{\376\377\000O\000v\000e\000r\000v\000i\000e\000w}{subsection.4.14}% 139
\BOOKMARK [3][-]{subsubsection.4.14.2}{\376\377\000V\000i\000s\000i\000o\000n\000\040\000a\000n\000d\000\040\000M\000i\000s\000s\000i\000o\000n}{subsection.4.14}% 140
\BOOKMARK [3][-]{subsubsection.4.14.3}{\376\377\000S\000t\000r\000u\000c\000t\000u\000r\000e}{subsection.4.14}% 141
\BOOKMARK [2][-]{subsection.4.15}{\376\377\000W\000i\000n\000t\000e\000r\000\040\000C\000a\000r\000n\000a\000t\000i\000o\000n}{section.4}% 142
\BOOKMARK [3][-]{subsubsection.4.15.1}{\376\377\000O\000v\000e\000r\000v\000i\000e\000w}{subsection.4.15}% 143
\BOOKMARK [3][-]{subsubsection.4.15.2}{\376\377\000S\000t\000r\000u\000c\000t\000u\000r\000e}{subsection.4.15}% 144
\BOOKMARK [1][-]{section.5}{\376\377\000P\000o\000s\000i\000t\000i\000o\000n\000\040\000o\000f\000\040\000R\000e\000s\000p\000o\000n\000s\000i\000b\000i\000l\000i\000t\000i\000e\000s\000\040\000a\000t\000\040\000I\000I\000T\000\040\000G\000a\000n\000d\000h\000i\000n\000a\000g\000a\000r}{}% 145
\BOOKMARK [2][-]{subsection.5.1}{\376\377\000V\000e\000r\000i\000f\000i\000c\000a\000t\000i\000o\000n\000\040\000o\000f\000\040\000P\000O\000R\000'\000s}{section.5}% 146
\BOOKMARK [2][-]{subsection.5.2}{\376\377\000L\000i\000s\000t\000\040\000o\000f\000\040\000P\000O\000R\000'\000s}{section.5}% 147
\BOOKMARK [3][-]{subsubsection.5.2.1}{\376\377\000E\000l\000e\000c\000t\000e\000d\000\040\000P\000o\000s\000i\000t\000i\000o\000n\000s}{subsection.5.2}% 148
\BOOKMARK [3][-]{subsubsection.5.2.2}{\376\377\000P\000o\000s\000i\000t\000i\000o\000n\000s\000\040\000i\000n\000\040\000C\000o\000u\000n\000c\000i\000l\000s}{subsection.5.2}% 149
\BOOKMARK [3][-]{subsubsection.5.2.3}{\376\377\000P\000o\000s\000i\000t\000i\000o\000n\000s\000\040\000i\000n\000\040\000C\000l\000u\000b\000s}{subsection.5.2}% 150
\BOOKMARK [3][-]{subsubsection.5.2.4}{\376\377\000P\000o\000s\000i\000t\000i\000o\000n\000s\000\040\000i\000n\000\040\000C\000o\000u\000n\000c\000i\000l\000\040\000G\000r\000o\000u\000p\000s}{subsection.5.2}% 151
\BOOKMARK [3][-]{subsubsection.5.2.5}{\376\377\000P\000o\000s\000i\000t\000i\000o\000n\000s\000\040\000i\000n\000\040\000I\000n\000d\000e\000p\000e\000n\000d\000e\000n\000t\000\040\000G\000r\000o\000u\000p\000s}{subsection.5.2}% 152
\BOOKMARK [3][-]{subsubsection.5.2.6}{\376\377\000O\000t\000h\000e\000r\000\040\000P\000o\000s\000i\000t\000i\000o\000n\000\040\000o\000f\000\040\000R\000e\000s\000p\000o\000n\000s\000i\000b\000i\000l\000i\000t\000i\000e\000s}{subsection.5.2}% 153
